\BOOKMARK [1][-]{section.1}{Thema der Unterweisung}{}% 1
\BOOKMARK [2][-]{subsection.1.1}{Begr\374ndung der Themenwahl}{section.1}% 2
\BOOKMARK [2][-]{subsection.1.2}{Abgrenzung des Themas}{section.1}% 3
\BOOKMARK [2][-]{subsection.1.3}{Richtlinienbezug}{section.1}% 4
\BOOKMARK [1][-]{section.2}{Rahmenbedingungen}{}% 5
\BOOKMARK [2][-]{subsection.2.1}{Beschreibung des Lernadressaten}{section.2}% 6
\BOOKMARK [2][-]{subsection.2.2}{Beschreibung des Betriebs}{section.2}% 7
\BOOKMARK [2][-]{subsection.2.3}{Ort der Unterweisung}{section.2}% 8
\BOOKMARK [2][-]{subsection.2.4}{Unterweisungszeipunkt und Dauer}{section.2}% 9
\BOOKMARK [2][-]{subsection.2.5}{Einordnung der Unterweisung in den Gesamtzusammenhang}{section.2}% 10
\BOOKMARK [1][-]{section.3}{Lernziele}{}% 11
\BOOKMARK [2][-]{subsection.3.1}{Richtlernziel}{section.3}% 12
\BOOKMARK [2][-]{subsection.3.2}{Groblernziel}{section.3}% 13
\BOOKMARK [2][-]{subsection.3.3}{Feinlernziele}{section.3}% 14
\BOOKMARK [2][-]{subsection.3.4}{Lernbereiche}{section.3}% 15
\BOOKMARK [2][-]{subsection.3.5}{Lernmethoden}{section.3}% 16
\BOOKMARK [2][-]{subsection.3.6}{Lernzielkontrollen}{section.3}% 17
\BOOKMARK [1][-]{section.4}{Ablauf der Unterweisung}{}% 18
\BOOKMARK [2][-]{subsection.4.1}{Ablaufplan}{section.4}% 19
\BOOKMARK [2][-]{subsection.4.2}{Verwendete Lehr- und Arbeitsmittel}{section.4}% 20
\BOOKMARK [1][-]{section.5}{Ausblick}{}% 21
\BOOKMARK [1][-]{section.6}{Anhang}{}% 22
